{"C:\\Users\\bbb12\\OneDrive\\桌面\\React-native\\jobs-finder\\.eslintrc.js": {"path":"C:\\Users\\bbb12\\OneDrive\\桌面\\React-native\\jobs-finder\\.eslintrc.js","statementMap":{"0":{"start":{"line":1,"column":0},"end":{"line":9,"column":2}}},"fnMap":{},"branchMap":{},"s":{"0":0},"f":{},"b":{}}
,"C:\\Users\\bbb12\\OneDrive\\桌面\\React-native\\jobs-finder\\MockNavigationProvider.js": {"path":"C:\\Users\\bbb12\\OneDrive\\桌面\\React-native\\jobs-finder\\MockNavigationProvider.js","statementMap":{"0":{"start":{"line":4,"column":31},"end":{"line":6,"column":1}},"1":{"start":{"line":5,"column":4},"end":{"line":5,"column":65}}},"fnMap":{"0":{"name":"(anonymous_0)","decl":{"start":{"line":4,"column":31},"end":{"line":4,"column":32}},"loc":{"start":{"line":4,"column":49},"end":{"line":6,"column":1}},"line":4}},"branchMap":{},"s":{"0":0,"1":0},"f":{"0":0},"b":{}}
,"C:\\Users\\bbb12\\OneDrive\\桌面\\React-native\\jobs-finder\\sample.js": {"path":"C:\\Users\\bbb12\\OneDrive\\桌面\\React-native\\jobs-finder\\sample.js","statementMap":{"0":{"start":{"line":3,"column":0},"end":{"line":3,"column":23}}},"fnMap":{},"branchMap":{},"s":{"0":0},"f":{},"b":{}}
,"C:\\Users\\bbb12\\OneDrive\\桌面\\React-native\\jobs-finder\\app\\Link.js": {"path":"C:\\Users\\bbb12\\OneDrive\\桌面\\React-native\\jobs-finder\\app\\Link.js","statementMap":{"0":{"start":{"line":5,"column":15},"end":{"line":8,"column":1}},"1":{"start":{"line":11,"column":32},"end":{"line":11,"column":55}},"2":{"start":{"line":13,"column":25},"end":{"line":15,"column":5}},"3":{"start":{"line":14,"column":8},"end":{"line":14,"column":34}},"4":{"start":{"line":17,"column":25},"end":{"line":19,"column":5}},"5":{"start":{"line":18,"column":8},"end":{"line":18,"column":33}},"6":{"start":{"line":21,"column":4},"end":{"line":30,"column":6}}},"fnMap":{"0":{"name":"Link","decl":{"start":{"line":10,"column":24},"end":{"line":10,"column":28}},"loc":{"start":{"line":10,"column":49},"end":{"line":31,"column":1}},"line":10},"1":{"name":"(anonymous_1)","decl":{"start":{"line":13,"column":25},"end":{"line":13,"column":26}},"loc":{"start":{"line":13,"column":31},"end":{"line":15,"column":5}},"line":13},"2":{"name":"(anonymous_2)","decl":{"start":{"line":17,"column":25},"end":{"line":17,"column":26}},"loc":{"start":{"line":17,"column":31},"end":{"line":19,"column":5}},"line":17}},"branchMap":{"0":{"loc":{"start":{"line":24,"column":18},"end":{"line":24,"column":29}},"type":"binary-expr","locations":[{"start":{"line":24,"column":18},"end":{"line":24,"column":22}},{"start":{"line":24,"column":26},"end":{"line":24,"column":29}}],"line":24}},"s":{"0":1,"1":6,"2":6,"3":1,"4":6,"5":1,"6":6},"f":{"0":6,"1":1,"2":1},"b":{"0":[6,2]},"_coverageSchema":"1a1c01bbd47fc00a2c39e90264f33305004495a9","hash":"c500b734f403684d769c834a4926bfa9883fb55a"}
,"C:\\Users\\bbb12\\OneDrive\\桌面\\React-native\\jobs-finder\\app\\_layout.js": {"path":"C:\\Users\\bbb12\\OneDrive\\桌面\\React-native\\jobs-finder\\app\\_layout.js","statementMap":{"0":{"start":{"line":6,"column":0},"end":{"line":6,"column":36}},"1":{"start":{"line":8,"column":15},"end":{"line":24,"column":1}},"2":{"start":{"line":9,"column":26},"end":{"line":13,"column":6}},"3":{"start":{"line":15,"column":29},"end":{"line":19,"column":21}},"4":{"start":{"line":16,"column":8},"end":{"line":18,"column":9}},"5":{"start":{"line":17,"column":12},"end":{"line":17,"column":43}},"6":{"start":{"line":21,"column":4},"end":{"line":21,"column":34}},"7":{"start":{"line":21,"column":22},"end":{"line":21,"column":34}},"8":{"start":{"line":23,"column":4},"end":{"line":23,"column":49}}},"fnMap":{"0":{"name":"(anonymous_0)","decl":{"start":{"line":8,"column":15},"end":{"line":8,"column":16}},"loc":{"start":{"line":8,"column":21},"end":{"line":24,"column":1}},"line":8},"1":{"name":"(anonymous_1)","decl":{"start":{"line":15,"column":41},"end":{"line":15,"column":42}},"loc":{"start":{"line":15,"column":53},"end":{"line":19,"column":5}},"line":15}},"branchMap":{"0":{"loc":{"start":{"line":16,"column":8},"end":{"line":18,"column":9}},"type":"if","locations":[{"start":{"line":16,"column":8},"end":{"line":18,"column":9}},{"start":{},"end":{}}],"line":16},"1":{"loc":{"start":{"line":21,"column":4},"end":{"line":21,"column":34}},"type":"if","locations":[{"start":{"line":21,"column":4},"end":{"line":21,"column":34}},{"start":{},"end":{}}],"line":21}},"s":{"0":0,"1":0,"2":0,"3":0,"4":0,"5":0,"6":0,"7":0,"8":0},"f":{"0":0,"1":0},"b":{"0":[0,0],"1":[0,0]}}
,"C:\\Users\\bbb12\\OneDrive\\桌面\\React-native\\jobs-finder\\app\\index.js": {"path":"C:\\Users\\bbb12\\OneDrive\\桌面\\React-native\\jobs-finder\\app\\index.js","statementMap":{"0":{"start":{"line":8,"column":13},"end":{"line":43,"column":1}},"1":{"start":{"line":9,"column":19},"end":{"line":9,"column":30}},"2":{"start":{"line":11,"column":4},"end":{"line":42,"column":5}},"3":{"start":{"line":18,"column":24},"end":{"line":18,"column":80}},"4":{"start":{"line":21,"column":24},"end":{"line":21,"column":85}}},"fnMap":{"0":{"name":"(anonymous_0)","decl":{"start":{"line":8,"column":13},"end":{"line":8,"column":14}},"loc":{"start":{"line":8,"column":19},"end":{"line":43,"column":1}},"line":8},"1":{"name":"(anonymous_1)","decl":{"start":{"line":17,"column":32},"end":{"line":17,"column":33}},"loc":{"start":{"line":18,"column":24},"end":{"line":18,"column":80}},"line":18},"2":{"name":"(anonymous_2)","decl":{"start":{"line":20,"column":33},"end":{"line":20,"column":34}},"loc":{"start":{"line":21,"column":24},"end":{"line":21,"column":85}},"line":21}},"branchMap":{},"s":{"0":1,"1":2,"2":2,"3":0,"4":0},"f":{"0":2,"1":0,"2":0},"b":{},"_coverageSchema":"1a1c01bbd47fc00a2c39e90264f33305004495a9","hash":"1459dd6380acfb49438eae1c5dae8062b47e6682"}
,"C:\\Users\\bbb12\\OneDrive\\桌面\\React-native\\jobs-finder\\components\\index.js": {"path":"C:\\Users\\bbb12\\OneDrive\\桌面\\React-native\\jobs-finder\\components\\index.js","statementMap":{},"fnMap":{},"branchMap":{},"s":{},"f":{},"b":{},"_coverageSchema":"1a1c01bbd47fc00a2c39e90264f33305004495a9","hash":"347e1b21bb5544fb67c403eaad3a3d10feb955f7"}
,"C:\\Users\\bbb12\\OneDrive\\桌面\\React-native\\jobs-finder\\components\\common\\cards\\nearby\\NearbyJobCard.jsx": {"path":"C:\\Users\\bbb12\\OneDrive\\桌面\\React-native\\jobs-finder\\components\\common\\cards\\nearby\\NearbyJobCard.jsx","statementMap":{"0":{"start":{"line":8,"column":22},"end":{"line":32,"column":1}},"1":{"start":{"line":9,"column":2},"end":{"line":31,"column":3}}},"fnMap":{"0":{"name":"(anonymous_0)","decl":{"start":{"line":8,"column":22},"end":{"line":8,"column":23}},"loc":{"start":{"line":8,"column":51},"end":{"line":32,"column":1}},"line":8}},"branchMap":{"0":{"loc":{"start":{"line":14,"column":17},"end":{"line":16,"column":107}},"type":"cond-expr","locations":[{"start":{"line":15,"column":16},"end":{"line":15,"column":33}},{"start":{"line":16,"column":16},"end":{"line":16,"column":107}}],"line":14}},"s":{"0":1,"1":0},"f":{"0":0},"b":{"0":[0,0]},"_coverageSchema":"1a1c01bbd47fc00a2c39e90264f33305004495a9","hash":"46f2f8b1ca085711876e26b4184fab9b0cfb4c34"}
,"C:\\Users\\bbb12\\OneDrive\\桌面\\React-native\\jobs-finder\\components\\common\\cards\\nearby\\nearbyjobcard.style.js": {"path":"C:\\Users\\bbb12\\OneDrive\\桌面\\React-native\\jobs-finder\\components\\common\\cards\\nearby\\nearbyjobcard.style.js","statementMap":{"0":{"start":{"line":5,"column":15},"end":{"line":45,"column":2}}},"fnMap":{},"branchMap":{},"s":{"0":1},"f":{},"b":{},"_coverageSchema":"1a1c01bbd47fc00a2c39e90264f33305004495a9","hash":"1e3d87dfcc544400b81c6911729f7bc46baf1a43"}
,"C:\\Users\\bbb12\\OneDrive\\桌面\\React-native\\jobs-finder\\components\\common\\cards\\popular\\PopularJobCard.jsx": {"path":"C:\\Users\\bbb12\\OneDrive\\桌面\\React-native\\jobs-finder\\components\\common\\cards\\popular\\PopularJobCard.jsx","statementMap":{"0":{"start":{"line":8,"column":23},"end":{"line":38,"column":1}},"1":{"start":{"line":9,"column":2},"end":{"line":9,"column":30}},"2":{"start":{"line":11,"column":2},"end":{"line":37,"column":3}},"3":{"start":{"line":14,"column":21},"end":{"line":14,"column":42}}},"fnMap":{"0":{"name":"(anonymous_0)","decl":{"start":{"line":8,"column":23},"end":{"line":8,"column":24}},"loc":{"start":{"line":8,"column":67},"end":{"line":38,"column":1}},"line":8},"1":{"name":"(anonymous_1)","decl":{"start":{"line":14,"column":15},"end":{"line":14,"column":16}},"loc":{"start":{"line":14,"column":21},"end":{"line":14,"column":42}},"line":14}},"branchMap":{"0":{"loc":{"start":{"line":19,"column":17},"end":{"line":21,"column":107}},"type":"cond-expr","locations":[{"start":{"line":20,"column":16},"end":{"line":20,"column":34}},{"start":{"line":21,"column":16},"end":{"line":21,"column":107}}],"line":19}},"s":{"0":1,"1":0,"2":0,"3":0},"f":{"0":0,"1":0},"b":{"0":[0,0]},"_coverageSchema":"1a1c01bbd47fc00a2c39e90264f33305004495a9","hash":"4b3c0aa0e5fa79c8d26b6e7015ba721c8628e5dd"}
,"C:\\Users\\bbb12\\OneDrive\\桌面\\React-native\\jobs-finder\\components\\common\\cards\\popular\\popularjobcard.style.js": {"path":"C:\\Users\\bbb12\\OneDrive\\桌面\\React-native\\jobs-finder\\components\\common\\cards\\popular\\popularjobcard.style.js","statementMap":{"0":{"start":{"line":5,"column":15},"end":{"line":57,"column":2}},"1":{"start":{"line":6,"column":37},"end":{"line":14,"column":3}},"2":{"start":{"line":15,"column":41},"end":{"line":22,"column":3}},"3":{"start":{"line":36,"column":35},"end":{"line":40,"column":3}},"4":{"start":{"line":47,"column":31},"end":{"line":51,"column":3}}},"fnMap":{"0":{"name":"(anonymous_0)","decl":{"start":{"line":6,"column":13},"end":{"line":6,"column":14}},"loc":{"start":{"line":6,"column":37},"end":{"line":14,"column":3}},"line":6},"1":{"name":"(anonymous_1)","decl":{"start":{"line":15,"column":17},"end":{"line":15,"column":18}},"loc":{"start":{"line":15,"column":41},"end":{"line":22,"column":3}},"line":15},"2":{"name":"(anonymous_2)","decl":{"start":{"line":36,"column":11},"end":{"line":36,"column":12}},"loc":{"start":{"line":36,"column":35},"end":{"line":40,"column":3}},"line":36},"3":{"name":"(anonymous_3)","decl":{"start":{"line":47,"column":13},"end":{"line":47,"column":14}},"loc":{"start":{"line":47,"column":31},"end":{"line":51,"column":3}},"line":47}},"branchMap":{"0":{"loc":{"start":{"line":9,"column":21},"end":{"line":9,"column":74}},"type":"cond-expr","locations":[{"start":{"line":9,"column":51},"end":{"line":9,"column":65}},{"start":{"line":9,"column":68},"end":{"line":9,"column":74}}],"line":9},"1":{"loc":{"start":{"line":18,"column":21},"end":{"line":18,"column":72}},"type":"cond-expr","locations":[{"start":{"line":18,"column":51},"end":{"line":18,"column":57}},{"start":{"line":18,"column":60},"end":{"line":18,"column":72}}],"line":18},"2":{"loc":{"start":{"line":39,"column":11},"end":{"line":39,"column":70}},"type":"cond-expr","locations":[{"start":{"line":39,"column":41},"end":{"line":39,"column":53}},{"start":{"line":39,"column":56},"end":{"line":39,"column":70}}],"line":39},"3":{"loc":{"start":{"line":50,"column":11},"end":{"line":50,"column":70}},"type":"cond-expr","locations":[{"start":{"line":50,"column":41},"end":{"line":50,"column":53}},{"start":{"line":50,"column":56},"end":{"line":50,"column":70}}],"line":50}},"s":{"0":1,"1":0,"2":0,"3":0,"4":0},"f":{"0":0,"1":0,"2":0,"3":0},"b":{"0":[0,0],"1":[0,0],"2":[0,0],"3":[0,0]},"_coverageSchema":"1a1c01bbd47fc00a2c39e90264f33305004495a9","hash":"4a3b44fad7b550112d8d63c178e75f46300d403a"}
,"C:\\Users\\bbb12\\OneDrive\\桌面\\React-native\\jobs-finder\\components\\common\\header\\ScreenHeaderBtn.jsx": {"path":"C:\\Users\\bbb12\\OneDrive\\桌面\\React-native\\jobs-finder\\components\\common\\header\\ScreenHeaderBtn.jsx","statementMap":{"0":{"start":{"line":6,"column":24},"end":{"line":16,"column":1}},"1":{"start":{"line":7,"column":2},"end":{"line":15,"column":3}}},"fnMap":{"0":{"name":"(anonymous_0)","decl":{"start":{"line":6,"column":24},"end":{"line":6,"column":25}},"loc":{"start":{"line":6,"column":65},"end":{"line":16,"column":1}},"line":6}},"branchMap":{},"s":{"0":1,"1":0},"f":{"0":0},"b":{},"_coverageSchema":"1a1c01bbd47fc00a2c39e90264f33305004495a9","hash":"9a9d6d883bfd572dfb8a60d4311664662a087eb5"}
,"C:\\Users\\bbb12\\OneDrive\\桌面\\React-native\\jobs-finder\\components\\common\\header\\screenheader.style.js": {"path":"C:\\Users\\bbb12\\OneDrive\\桌面\\React-native\\jobs-finder\\components\\common\\header\\screenheader.style.js","statementMap":{"0":{"start":{"line":5,"column":15},"end":{"line":19,"column":2}},"1":{"start":{"line":14,"column":26},"end":{"line":18,"column":3}}},"fnMap":{"0":{"name":"(anonymous_0)","decl":{"start":{"line":14,"column":10},"end":{"line":14,"column":11}},"loc":{"start":{"line":14,"column":26},"end":{"line":18,"column":3}},"line":14}},"branchMap":{},"s":{"0":1,"1":0},"f":{"0":0},"b":{},"_coverageSchema":"1a1c01bbd47fc00a2c39e90264f33305004495a9","hash":"3d99a4d22ce0c00339353f4349c2ea5504db3d74"}
,"C:\\Users\\bbb12\\OneDrive\\桌面\\React-native\\jobs-finder\\components\\home\\nearby\\Nearbyjobs.jsx": {"path":"C:\\Users\\bbb12\\OneDrive\\桌面\\React-native\\jobs-finder\\components\\home\\nearby\\Nearbyjobs.jsx","statementMap":{"0":{"start":{"line":10,"column":19},"end":{"line":43,"column":1}},"1":{"start":{"line":11,"column":17},"end":{"line":11,"column":28}},"2":{"start":{"line":12,"column":37},"end":{"line":15,"column":4}},"3":{"start":{"line":17,"column":2},"end":{"line":42,"column":3}},"4":{"start":{"line":33,"column":12},"end":{"line":37,"column":14}},"5":{"start":{"line":36,"column":36},"end":{"line":36,"column":77}}},"fnMap":{"0":{"name":"(anonymous_0)","decl":{"start":{"line":10,"column":19},"end":{"line":10,"column":20}},"loc":{"start":{"line":10,"column":25},"end":{"line":43,"column":1}},"line":10},"1":{"name":"(anonymous_1)","decl":{"start":{"line":32,"column":20},"end":{"line":32,"column":21}},"loc":{"start":{"line":33,"column":12},"end":{"line":37,"column":14}},"line":33},"2":{"name":"(anonymous_2)","decl":{"start":{"line":36,"column":30},"end":{"line":36,"column":31}},"loc":{"start":{"line":36,"column":36},"end":{"line":36,"column":77}},"line":36}},"branchMap":{"0":{"loc":{"start":{"line":27,"column":9},"end":{"line":39,"column":9}},"type":"cond-expr","locations":[{"start":{"line":28,"column":10},"end":{"line":28,"column":67}},{"start":{"line":29,"column":12},"end":{"line":39,"column":9}}],"line":27},"1":{"loc":{"start":{"line":29,"column":12},"end":{"line":39,"column":9}},"type":"cond-expr","locations":[{"start":{"line":30,"column":10},"end":{"line":30,"column":43}},{"start":{"line":32,"column":10},"end":{"line":38,"column":12}}],"line":29}},"s":{"0":1,"1":0,"2":0,"3":0,"4":0,"5":0},"f":{"0":0,"1":0,"2":0},"b":{"0":[0,0],"1":[0,0]},"_coverageSchema":"1a1c01bbd47fc00a2c39e90264f33305004495a9","hash":"a2a23b877106dd0797c30c928e4f4f5a4db543a9"}
,"C:\\Users\\bbb12\\OneDrive\\桌面\\React-native\\jobs-finder\\components\\home\\nearby\\nearbyjobs.style.js": {"path":"C:\\Users\\bbb12\\OneDrive\\桌面\\React-native\\jobs-finder\\components\\home\\nearby\\nearbyjobs.style.js","statementMap":{"0":{"start":{"line":5,"column":15},"end":{"line":29,"column":2}}},"fnMap":{},"branchMap":{},"s":{"0":1},"f":{},"b":{},"_coverageSchema":"1a1c01bbd47fc00a2c39e90264f33305004495a9","hash":"428757ba61fbd732a4042d85fc29ca4bc8593aba"}
,"C:\\Users\\bbb12\\OneDrive\\桌面\\React-native\\jobs-finder\\components\\home\\popular\\Popularjobs.jsx": {"path":"C:\\Users\\bbb12\\OneDrive\\桌面\\React-native\\jobs-finder\\components\\home\\popular\\Popularjobs.jsx","statementMap":{"0":{"start":{"line":10,"column":20},"end":{"line":62,"column":1}},"1":{"start":{"line":11,"column":17},"end":{"line":11,"column":28}},"2":{"start":{"line":13,"column":37},"end":{"line":17,"column":6}},"3":{"start":{"line":19,"column":2},"end":{"line":19,"column":31}},"4":{"start":{"line":21,"column":40},"end":{"line":21,"column":50}},"5":{"start":{"line":23,"column":26},"end":{"line":25,"column":3}},"6":{"start":{"line":27,"column":2},"end":{"line":61,"column":3}},"7":{"start":{"line":45,"column":14},"end":{"line":45,"column":42}},"8":{"start":{"line":46,"column":14},"end":{"line":52,"column":16}},"9":{"start":{"line":54,"column":43},"end":{"line":54,"column":59}}},"fnMap":{"0":{"name":"(anonymous_0)","decl":{"start":{"line":10,"column":20},"end":{"line":10,"column":21}},"loc":{"start":{"line":10,"column":26},"end":{"line":62,"column":1}},"line":10},"1":{"name":"(anonymous_1)","decl":{"start":{"line":23,"column":26},"end":{"line":23,"column":27}},"loc":{"start":{"line":23,"column":36},"end":{"line":25,"column":3}},"line":23},"2":{"name":"(anonymous_2)","decl":{"start":{"line":44,"column":24},"end":{"line":44,"column":25}},"loc":{"start":{"line":44,"column":38},"end":{"line":53,"column":13}},"line":44},"3":{"name":"(anonymous_3)","decl":{"start":{"line":54,"column":26},"end":{"line":54,"column":27}},"loc":{"start":{"line":54,"column":43},"end":{"line":54,"column":59}},"line":54}},"branchMap":{"0":{"loc":{"start":{"line":37,"column":9},"end":{"line":58,"column":9}},"type":"cond-expr","locations":[{"start":{"line":38,"column":10},"end":{"line":38,"column":67}},{"start":{"line":39,"column":12},"end":{"line":58,"column":9}}],"line":37},"1":{"loc":{"start":{"line":39,"column":12},"end":{"line":58,"column":9}},"type":"cond-expr","locations":[{"start":{"line":40,"column":10},"end":{"line":40,"column":43}},{"start":{"line":42,"column":10},"end":{"line":57,"column":12}}],"line":39}},"s":{"0":1,"1":0,"2":0,"3":0,"4":0,"5":0,"6":0,"7":0,"8":0,"9":0},"f":{"0":0,"1":0,"2":0,"3":0},"b":{"0":[0,0],"1":[0,0]},"_coverageSchema":"1a1c01bbd47fc00a2c39e90264f33305004495a9","hash":"1c033f55051ad76d2437a71d80be6584689a0749"}
,"C:\\Users\\bbb12\\OneDrive\\桌面\\React-native\\jobs-finder\\components\\home\\popular\\popularjobs.style.js": {"path":"C:\\Users\\bbb12\\OneDrive\\桌面\\React-native\\jobs-finder\\components\\home\\popular\\popularjobs.style.js","statementMap":{"0":{"start":{"line":5,"column":15},"end":{"line":27,"column":2}}},"fnMap":{},"branchMap":{},"s":{"0":1},"f":{},"b":{},"_coverageSchema":"1a1c01bbd47fc00a2c39e90264f33305004495a9","hash":"ae33ad9ab67922f2735bcb67734adc6f7fd03922"}
,"C:\\Users\\bbb12\\OneDrive\\桌面\\React-native\\jobs-finder\\components\\home\\welcome\\Welcome.jsx": {"path":"C:\\Users\\bbb12\\OneDrive\\桌面\\React-native\\jobs-finder\\components\\home\\welcome\\Welcome.jsx","statementMap":{"0":{"start":{"line":15,"column":17},"end":{"line":15,"column":57}},"1":{"start":{"line":17,"column":16},"end":{"line":68,"column":1}},"2":{"start":{"line":18,"column":17},"end":{"line":18,"column":28}},"3":{"start":{"line":19,"column":44},"end":{"line":19,"column":65}},"4":{"start":{"line":21,"column":2},"end":{"line":67,"column":3}},"5":{"start":{"line":51,"column":12},"end":{"line":59,"column":31}},"6":{"start":{"line":54,"column":16},"end":{"line":54,"column":39}},"7":{"start":{"line":55,"column":16},"end":{"line":55,"column":46}},"8":{"start":{"line":61,"column":32},"end":{"line":61,"column":36}}},"fnMap":{"0":{"name":"(anonymous_0)","decl":{"start":{"line":17,"column":16},"end":{"line":17,"column":17}},"loc":{"start":{"line":17,"column":22},"end":{"line":68,"column":1}},"line":17},"1":{"name":"(anonymous_1)","decl":{"start":{"line":33,"column":22},"end":{"line":33,"column":23}},"loc":{"start":{"line":33,"column":28},"end":{"line":33,"column":31}},"line":33},"2":{"name":"(anonymous_2)","decl":{"start":{"line":38,"column":60},"end":{"line":38,"column":61}},"loc":{"start":{"line":38,"column":66},"end":{"line":38,"column":69}},"line":38},"3":{"name":"(anonymous_3)","decl":{"start":{"line":50,"column":22},"end":{"line":50,"column":23}},"loc":{"start":{"line":51,"column":12},"end":{"line":59,"column":31}},"line":51},"4":{"name":"(anonymous_4)","decl":{"start":{"line":53,"column":23},"end":{"line":53,"column":24}},"loc":{"start":{"line":53,"column":29},"end":{"line":56,"column":15}},"line":53},"5":{"name":"(anonymous_5)","decl":{"start":{"line":61,"column":24},"end":{"line":61,"column":25}},"loc":{"start":{"line":61,"column":32},"end":{"line":61,"column":36}},"line":61}},"branchMap":{},"s":{"0":1,"1":1,"2":0,"3":0,"4":0,"5":0,"6":0,"7":0,"8":0},"f":{"0":0,"1":0,"2":0,"3":0,"4":0,"5":0},"b":{},"_coverageSchema":"1a1c01bbd47fc00a2c39e90264f33305004495a9","hash":"65cda1433497e6a862f0d54be310a191a466cc30"}
,"C:\\Users\\bbb12\\OneDrive\\桌面\\React-native\\jobs-finder\\components\\home\\welcome\\welcome.style.js": {"path":"C:\\Users\\bbb12\\OneDrive\\桌面\\React-native\\jobs-finder\\components\\home\\welcome\\welcome.style.js","statementMap":{"0":{"start":{"line":5,"column":15},"end":{"line":70,"column":2}},"1":{"start":{"line":59,"column":33},"end":{"line":65,"column":3}},"2":{"start":{"line":66,"column":37},"end":{"line":69,"column":3}}},"fnMap":{"0":{"name":"(anonymous_0)","decl":{"start":{"line":59,"column":7},"end":{"line":59,"column":8}},"loc":{"start":{"line":59,"column":33},"end":{"line":65,"column":3}},"line":59},"1":{"name":"(anonymous_1)","decl":{"start":{"line":66,"column":11},"end":{"line":66,"column":12}},"loc":{"start":{"line":66,"column":37},"end":{"line":69,"column":3}},"line":66}},"branchMap":{"0":{"loc":{"start":{"line":64,"column":17},"end":{"line":64,"column":73}},"type":"cond-expr","locations":[{"start":{"line":64,"column":42},"end":{"line":64,"column":58}},{"start":{"line":64,"column":61},"end":{"line":64,"column":73}}],"line":64},"1":{"loc":{"start":{"line":68,"column":11},"end":{"line":68,"column":67}},"type":"cond-expr","locations":[{"start":{"line":68,"column":36},"end":{"line":68,"column":52}},{"start":{"line":68,"column":55},"end":{"line":68,"column":67}}],"line":68}},"s":{"0":1,"1":0,"2":0},"f":{"0":0,"1":0},"b":{"0":[0,0],"1":[0,0]},"_coverageSchema":"1a1c01bbd47fc00a2c39e90264f33305004495a9","hash":"4bf0a398a2abe9efd78c25c8b31adc9a7417e0ec"}
,"C:\\Users\\bbb12\\OneDrive\\桌面\\React-native\\jobs-finder\\components\\jobdetails\\about\\About.jsx": {"path":"C:\\Users\\bbb12\\OneDrive\\桌面\\React-native\\jobs-finder\\components\\jobdetails\\about\\About.jsx","statementMap":{"0":{"start":{"line":6,"column":14},"end":{"line":12,"column":1}},"1":{"start":{"line":7,"column":2},"end":{"line":11,"column":3}}},"fnMap":{"0":{"name":"(anonymous_0)","decl":{"start":{"line":6,"column":14},"end":{"line":6,"column":15}},"loc":{"start":{"line":6,"column":20},"end":{"line":12,"column":1}},"line":6}},"branchMap":{},"s":{"0":1,"1":0},"f":{"0":0},"b":{},"_coverageSchema":"1a1c01bbd47fc00a2c39e90264f33305004495a9","hash":"b8c5a61af3d1484464cbe8ae5952390c95e02ecd"}
,"C:\\Users\\bbb12\\OneDrive\\桌面\\React-native\\jobs-finder\\components\\jobdetails\\about\\about.style.js": {"path":"C:\\Users\\bbb12\\OneDrive\\桌面\\React-native\\jobs-finder\\components\\jobdetails\\about\\about.style.js","statementMap":{"0":{"start":{"line":5,"column":15},"end":{"line":26,"column":2}}},"fnMap":{},"branchMap":{},"s":{"0":1},"f":{},"b":{},"_coverageSchema":"1a1c01bbd47fc00a2c39e90264f33305004495a9","hash":"66ee92044a53a6dbd658c298e9ae4989cc412006"}
,"C:\\Users\\bbb12\\OneDrive\\桌面\\React-native\\jobs-finder\\components\\jobdetails\\company\\Company.jsx": {"path":"C:\\Users\\bbb12\\OneDrive\\桌面\\React-native\\jobs-finder\\components\\jobdetails\\company\\Company.jsx","statementMap":{"0":{"start":{"line":6,"column":16},"end":{"line":12,"column":1}},"1":{"start":{"line":7,"column":2},"end":{"line":11,"column":3}}},"fnMap":{"0":{"name":"(anonymous_0)","decl":{"start":{"line":6,"column":16},"end":{"line":6,"column":17}},"loc":{"start":{"line":6,"column":22},"end":{"line":12,"column":1}},"line":6}},"branchMap":{},"s":{"0":1,"1":0},"f":{"0":0},"b":{},"_coverageSchema":"1a1c01bbd47fc00a2c39e90264f33305004495a9","hash":"263fc873bf719f84f326ca8233217c8e7c70e660"}
,"C:\\Users\\bbb12\\OneDrive\\桌面\\React-native\\jobs-finder\\components\\jobdetails\\company\\company.style.js": {"path":"C:\\Users\\bbb12\\OneDrive\\桌面\\React-native\\jobs-finder\\components\\jobdetails\\company\\company.style.js","statementMap":{"0":{"start":{"line":5,"column":15},"end":{"line":59,"column":2}}},"fnMap":{},"branchMap":{},"s":{"0":1},"f":{},"b":{},"_coverageSchema":"1a1c01bbd47fc00a2c39e90264f33305004495a9","hash":"7c9ed415fb9db5005d119834b8babb1b87d60d68"}
,"C:\\Users\\bbb12\\OneDrive\\桌面\\React-native\\jobs-finder\\components\\jobdetails\\footer\\Footer.jsx": {"path":"C:\\Users\\bbb12\\OneDrive\\桌面\\React-native\\jobs-finder\\components\\jobdetails\\footer\\Footer.jsx","statementMap":{"0":{"start":{"line":6,"column":15},"end":{"line":12,"column":1}},"1":{"start":{"line":7,"column":2},"end":{"line":11,"column":3}}},"fnMap":{"0":{"name":"(anonymous_0)","decl":{"start":{"line":6,"column":15},"end":{"line":6,"column":16}},"loc":{"start":{"line":6,"column":21},"end":{"line":12,"column":1}},"line":6}},"branchMap":{},"s":{"0":1,"1":0},"f":{"0":0},"b":{},"_coverageSchema":"1a1c01bbd47fc00a2c39e90264f33305004495a9","hash":"d5519fbad5e4b9c1617344e23676877d18c6d285"}
,"C:\\Users\\bbb12\\OneDrive\\桌面\\React-native\\jobs-finder\\components\\jobdetails\\footer\\footer.style.js": {"path":"C:\\Users\\bbb12\\OneDrive\\桌面\\React-native\\jobs-finder\\components\\jobdetails\\footer\\footer.style.js","statementMap":{"0":{"start":{"line":5,"column":15},"end":{"line":45,"column":2}}},"fnMap":{},"branchMap":{},"s":{"0":1},"f":{},"b":{},"_coverageSchema":"1a1c01bbd47fc00a2c39e90264f33305004495a9","hash":"f5be7815b4bce1265cf4e0867298528204030a13"}
,"C:\\Users\\bbb12\\OneDrive\\桌面\\React-native\\jobs-finder\\components\\jobdetails\\specifics\\Specifics.jsx": {"path":"C:\\Users\\bbb12\\OneDrive\\桌面\\React-native\\jobs-finder\\components\\jobdetails\\specifics\\Specifics.jsx","statementMap":{"0":{"start":{"line":6,"column":18},"end":{"line":12,"column":1}},"1":{"start":{"line":7,"column":2},"end":{"line":11,"column":3}}},"fnMap":{"0":{"name":"(anonymous_0)","decl":{"start":{"line":6,"column":18},"end":{"line":6,"column":19}},"loc":{"start":{"line":6,"column":24},"end":{"line":12,"column":1}},"line":6}},"branchMap":{},"s":{"0":1,"1":0},"f":{"0":0},"b":{},"_coverageSchema":"1a1c01bbd47fc00a2c39e90264f33305004495a9","hash":"65badc8a6fbf6264f6163e4f2818256d0f9f346f"}
,"C:\\Users\\bbb12\\OneDrive\\桌面\\React-native\\jobs-finder\\components\\jobdetails\\specifics\\specifics.style.js": {"path":"C:\\Users\\bbb12\\OneDrive\\桌面\\React-native\\jobs-finder\\components\\jobdetails\\specifics\\specifics.style.js","statementMap":{"0":{"start":{"line":5,"column":15},"end":{"line":39,"column":2}}},"fnMap":{},"branchMap":{},"s":{"0":1},"f":{},"b":{},"_coverageSchema":"1a1c01bbd47fc00a2c39e90264f33305004495a9","hash":"c69fba64853955e383ed18f035b74f4eaf88387d"}
,"C:\\Users\\bbb12\\OneDrive\\桌面\\React-native\\jobs-finder\\components\\jobdetails\\tabs\\Tabs.jsx": {"path":"C:\\Users\\bbb12\\OneDrive\\桌面\\React-native\\jobs-finder\\components\\jobdetails\\tabs\\Tabs.jsx","statementMap":{"0":{"start":{"line":6,"column":13},"end":{"line":12,"column":1}},"1":{"start":{"line":7,"column":2},"end":{"line":11,"column":3}}},"fnMap":{"0":{"name":"(anonymous_0)","decl":{"start":{"line":6,"column":13},"end":{"line":6,"column":14}},"loc":{"start":{"line":6,"column":19},"end":{"line":12,"column":1}},"line":6}},"branchMap":{},"s":{"0":1,"1":0},"f":{"0":0},"b":{},"_coverageSchema":"1a1c01bbd47fc00a2c39e90264f33305004495a9","hash":"3770d808544a29dfa665e76f068b755e77689a7d"}
,"C:\\Users\\bbb12\\OneDrive\\桌面\\React-native\\jobs-finder\\components\\jobdetails\\tabs\\tabs.style.js": {"path":"C:\\Users\\bbb12\\OneDrive\\桌面\\React-native\\jobs-finder\\components\\jobdetails\\tabs\\tabs.style.js","statementMap":{"0":{"start":{"line":5,"column":15},"end":{"line":24,"column":2}},"1":{"start":{"line":10,"column":29},"end":{"line":18,"column":3}},"2":{"start":{"line":19,"column":33},"end":{"line":23,"column":3}}},"fnMap":{"0":{"name":"(anonymous_0)","decl":{"start":{"line":10,"column":7},"end":{"line":10,"column":8}},"loc":{"start":{"line":10,"column":29},"end":{"line":18,"column":3}},"line":10},"1":{"name":"(anonymous_1)","decl":{"start":{"line":19,"column":11},"end":{"line":19,"column":12}},"loc":{"start":{"line":19,"column":33},"end":{"line":23,"column":3}},"line":19}},"branchMap":{"0":{"loc":{"start":{"line":13,"column":21},"end":{"line":13,"column":68}},"type":"cond-expr","locations":[{"start":{"line":13,"column":42},"end":{"line":13,"column":56}},{"start":{"line":13,"column":59},"end":{"line":13,"column":68}}],"line":13},"1":{"loc":{"start":{"line":22,"column":11},"end":{"line":22,"column":53}},"type":"cond-expr","locations":[{"start":{"line":22,"column":32},"end":{"line":22,"column":41}},{"start":{"line":22,"column":44},"end":{"line":22,"column":53}}],"line":22}},"s":{"0":1,"1":0,"2":0},"f":{"0":0,"1":0},"b":{"0":[0,0],"1":[0,0]},"_coverageSchema":"1a1c01bbd47fc00a2c39e90264f33305004495a9","hash":"e7ebd2b1579cc9855e179f7679e12187ba313930"}
,"C:\\Users\\bbb12\\OneDrive\\桌面\\React-native\\jobs-finder\\constants\\icons.js": {"path":"C:\\Users\\bbb12\\OneDrive\\桌面\\React-native\\jobs-finder\\constants\\icons.js","statementMap":{},"fnMap":{},"branchMap":{},"s":{},"f":{},"b":{},"_coverageSchema":"1a1c01bbd47fc00a2c39e90264f33305004495a9","hash":"04f124371f4499c4d3d0b284ae20f66b4beae95f"}
,"C:\\Users\\bbb12\\OneDrive\\桌面\\React-native\\jobs-finder\\constants\\images.js": {"path":"C:\\Users\\bbb12\\OneDrive\\桌面\\React-native\\jobs-finder\\constants\\images.js","statementMap":{},"fnMap":{},"branchMap":{},"s":{},"f":{},"b":{},"_coverageSchema":"1a1c01bbd47fc00a2c39e90264f33305004495a9","hash":"7fcb9bfa569c25c7fd2c7c5bcce4f7912aacfc2a"}
,"C:\\Users\\bbb12\\OneDrive\\桌面\\React-native\\jobs-finder\\constants\\index.js": {"path":"C:\\Users\\bbb12\\OneDrive\\桌面\\React-native\\jobs-finder\\constants\\index.js","statementMap":{},"fnMap":{},"branchMap":{},"s":{},"f":{},"b":{},"_coverageSchema":"1a1c01bbd47fc00a2c39e90264f33305004495a9","hash":"7637fe62d669b22aacc494a8665c0d6e430a863a"}
,"C:\\Users\\bbb12\\OneDrive\\桌面\\React-native\\jobs-finder\\constants\\theme.js": {"path":"C:\\Users\\bbb12\\OneDrive\\桌面\\React-native\\jobs-finder\\constants\\theme.js","statementMap":{"0":{"start":{"line":1,"column":15},"end":{"line":11,"column":1}},"1":{"start":{"line":13,"column":13},"end":{"line":17,"column":1}},"2":{"start":{"line":19,"column":14},"end":{"line":26,"column":1}},"3":{"start":{"line":28,"column":16},"end":{"line":49,"column":1}}},"fnMap":{},"branchMap":{},"s":{"0":1,"1":1,"2":1,"3":1},"f":{},"b":{},"_coverageSchema":"1a1c01bbd47fc00a2c39e90264f33305004495a9","hash":"bd23808d4462f9ffe2b1a3eb21ab77d38a3f6b21"}
,"C:\\Users\\bbb12\\OneDrive\\桌面\\React-native\\jobs-finder\\hook\\useFetch.js": {"path":"C:\\Users\\bbb12\\OneDrive\\桌面\\React-native\\jobs-finder\\hook\\useFetch.js","statementMap":{"0":{"start":{"line":4,"column":17},"end":{"line":45,"column":1}},"1":{"start":{"line":5,"column":28},"end":{"line":5,"column":40}},"2":{"start":{"line":6,"column":38},"end":{"line":6,"column":53}},"3":{"start":{"line":7,"column":30},"end":{"line":7,"column":44}},"4":{"start":{"line":9,"column":20},"end":{"line":17,"column":5}},"5":{"start":{"line":19,"column":22},"end":{"line":33,"column":5}},"6":{"start":{"line":20,"column":8},"end":{"line":20,"column":27}},"7":{"start":{"line":22,"column":8},"end":{"line":32,"column":9}},"8":{"start":{"line":23,"column":29},"end":{"line":23,"column":49}},"9":{"start":{"line":25,"column":12},"end":{"line":25,"column":40}},"10":{"start":{"line":26,"column":12},"end":{"line":26,"column":32}},"11":{"start":{"line":28,"column":12},"end":{"line":28,"column":28}},"12":{"start":{"line":29,"column":12},"end":{"line":29,"column":30}},"13":{"start":{"line":31,"column":12},"end":{"line":31,"column":32}},"14":{"start":{"line":35,"column":4},"end":{"line":37,"column":11}},"15":{"start":{"line":36,"column":8},"end":{"line":36,"column":20}},"16":{"start":{"line":39,"column":20},"end":{"line":42,"column":5}},"17":{"start":{"line":40,"column":8},"end":{"line":40,"column":27}},"18":{"start":{"line":41,"column":8},"end":{"line":41,"column":20}},"19":{"start":{"line":44,"column":4},"end":{"line":44,"column":47}}},"fnMap":{"0":{"name":"(anonymous_0)","decl":{"start":{"line":4,"column":17},"end":{"line":4,"column":18}},"loc":{"start":{"line":4,"column":38},"end":{"line":45,"column":1}},"line":4},"1":{"name":"(anonymous_1)","decl":{"start":{"line":19,"column":22},"end":{"line":19,"column":23}},"loc":{"start":{"line":19,"column":34},"end":{"line":33,"column":5}},"line":19},"2":{"name":"(anonymous_2)","decl":{"start":{"line":35,"column":14},"end":{"line":35,"column":15}},"loc":{"start":{"line":35,"column":20},"end":{"line":37,"column":5}},"line":35},"3":{"name":"(anonymous_3)","decl":{"start":{"line":39,"column":20},"end":{"line":39,"column":21}},"loc":{"start":{"line":39,"column":26},"end":{"line":42,"column":5}},"line":39}},"branchMap":{},"s":{"0":1,"1":0,"2":0,"3":0,"4":0,"5":0,"6":0,"7":0,"8":0,"9":0,"10":0,"11":0,"12":0,"13":0,"14":0,"15":0,"16":0,"17":0,"18":0,"19":0},"f":{"0":0,"1":0,"2":0,"3":0},"b":{},"_coverageSchema":"1a1c01bbd47fc00a2c39e90264f33305004495a9","hash":"ffcd757609657ee616143db0f48e119818a3df63"}
,"C:\\Users\\bbb12\\OneDrive\\桌面\\React-native\\jobs-finder\\styles\\search.js": {"path":"C:\\Users\\bbb12\\OneDrive\\桌面\\React-native\\jobs-finder\\styles\\search.js","statementMap":{"0":{"start":{"line":5,"column":15},"end":{"line":56,"column":2}}},"fnMap":{},"branchMap":{},"s":{"0":0},"f":{},"b":{}}
,"C:\\Users\\bbb12\\OneDrive\\桌面\\React-native\\jobs-finder\\utils\\index.js": {"path":"C:\\Users\\bbb12\\OneDrive\\桌面\\React-native\\jobs-finder\\utils\\index.js","statementMap":{"0":{"start":{"line":1,"column":29},"end":{"line":7,"column":1}},"1":{"start":{"line":2,"column":4},"end":{"line":6,"column":5}},"2":{"start":{"line":2,"column":14},"end":{"line":2,"column":26}},"3":{"start":{"line":4,"column":24},"end":{"line":4,"column":90}},"4":{"start":{"line":5,"column":8},"end":{"line":5,"column":33}}},"fnMap":{"0":{"name":"(anonymous_0)","decl":{"start":{"line":1,"column":29},"end":{"line":1,"column":30}},"loc":{"start":{"line":1,"column":38},"end":{"line":7,"column":1}},"line":1}},"branchMap":{"0":{"loc":{"start":{"line":2,"column":4},"end":{"line":6,"column":5}},"type":"if","locations":[{"start":{"line":2,"column":4},"end":{"line":6,"column":5}},{"start":{"line":3,"column":9},"end":{"line":6,"column":5}}],"line":2}},"s":{"0":1,"1":0,"2":0,"3":0,"4":0},"f":{"0":0},"b":{"0":[0,0]},"_coverageSchema":"1a1c01bbd47fc00a2c39e90264f33305004495a9","hash":"4e764774c0f531a152a1c67b8c7c0a3447058df0"}
}
