{"D:\\VTC\\Job\\react_native_test\\app\\Link.js": {"path":"D:\\VTC\\Job\\react_native_test\\app\\Link.js","statementMap":{"0":{"start":{"line":3,"column":15},"end":{"line":6,"column":1}},"1":{"start":{"line":9,"column":32},"end":{"line":9,"column":55}},"2":{"start":{"line":11,"column":25},"end":{"line":13,"column":5}},"3":{"start":{"line":12,"column":8},"end":{"line":12,"column":34}},"4":{"start":{"line":15,"column":25},"end":{"line":17,"column":5}},"5":{"start":{"line":16,"column":8},"end":{"line":16,"column":33}},"6":{"start":{"line":19,"column":4},"end":{"line":28,"column":6}}},"fnMap":{"0":{"name":"Link","decl":{"start":{"line":8,"column":24},"end":{"line":8,"column":28}},"loc":{"start":{"line":8,"column":49},"end":{"line":29,"column":1}},"line":8},"1":{"name":"(anonymous_1)","decl":{"start":{"line":11,"column":25},"end":{"line":11,"column":26}},"loc":{"start":{"line":11,"column":31},"end":{"line":13,"column":5}},"line":11},"2":{"name":"(anonymous_2)","decl":{"start":{"line":15,"column":25},"end":{"line":15,"column":26}},"loc":{"start":{"line":15,"column":31},"end":{"line":17,"column":5}},"line":15}},"branchMap":{"0":{"loc":{"start":{"line":22,"column":18},"end":{"line":22,"column":29}},"type":"binary-expr","locations":[{"start":{"line":22,"column":18},"end":{"line":22,"column":22}},{"start":{"line":22,"column":26},"end":{"line":22,"column":29}}],"line":22}},"s":{"0":0,"1":0,"2":0,"3":0,"4":0,"5":0,"6":0},"f":{"0":0,"1":0,"2":0},"b":{"0":[0,0]}}
,"D:\\VTC\\Job\\react_native_test\\app\\_layout.js": {"path":"D:\\VTC\\Job\\react_native_test\\app\\_layout.js","statementMap":{"0":{"start":{"line":6,"column":0},"end":{"line":6,"column":36}},"1":{"start":{"line":8,"column":15},"end":{"line":24,"column":1}},"2":{"start":{"line":9,"column":26},"end":{"line":13,"column":6}},"3":{"start":{"line":15,"column":29},"end":{"line":19,"column":21}},"4":{"start":{"line":16,"column":8},"end":{"line":18,"column":9}},"5":{"start":{"line":17,"column":12},"end":{"line":17,"column":43}},"6":{"start":{"line":21,"column":4},"end":{"line":21,"column":34}},"7":{"start":{"line":21,"column":22},"end":{"line":21,"column":34}},"8":{"start":{"line":23,"column":4},"end":{"line":23,"column":49}}},"fnMap":{"0":{"name":"(anonymous_0)","decl":{"start":{"line":8,"column":15},"end":{"line":8,"column":16}},"loc":{"start":{"line":8,"column":21},"end":{"line":24,"column":1}},"line":8},"1":{"name":"(anonymous_1)","decl":{"start":{"line":15,"column":41},"end":{"line":15,"column":42}},"loc":{"start":{"line":15,"column":53},"end":{"line":19,"column":5}},"line":15}},"branchMap":{"0":{"loc":{"start":{"line":16,"column":8},"end":{"line":18,"column":9}},"type":"if","locations":[{"start":{"line":16,"column":8},"end":{"line":18,"column":9}},{"start":{},"end":{}}],"line":16},"1":{"loc":{"start":{"line":21,"column":4},"end":{"line":21,"column":34}},"type":"if","locations":[{"start":{"line":21,"column":4},"end":{"line":21,"column":34}},{"start":{},"end":{}}],"line":21}},"s":{"0":0,"1":0,"2":0,"3":0,"4":0,"5":0,"6":0,"7":0,"8":0},"f":{"0":0,"1":0},"b":{"0":[0,0],"1":[0,0]}}
,"D:\\VTC\\Job\\react_native_test\\app\\index.js": {"path":"D:\\VTC\\Job\\react_native_test\\app\\index.js","statementMap":{"0":{"start":{"line":4,"column":26},"end":{"line":4,"column":87}},"1":{"start":{"line":4,"column":64},"end":{"line":4,"column":87}},"2":{"start":{"line":7,"column":4},"end":{"line":11,"column":6}},"3":{"start":{"line":14,"column":15},"end":{"line":21,"column":2}}},"fnMap":{"0":{"name":"(anonymous_0)","decl":{"start":{"line":4,"column":26},"end":{"line":4,"column":27}},"loc":{"start":{"line":4,"column":64},"end":{"line":4,"column":87}},"line":4},"1":{"name":"HomeScreen","decl":{"start":{"line":6,"column":24},"end":{"line":6,"column":34}},"loc":{"start":{"line":6,"column":37},"end":{"line":12,"column":1}},"line":6}},"branchMap":{"0":{"loc":{"start":{"line":4,"column":27},"end":{"line":4,"column":59}},"type":"default-arg","locations":[{"start":{"line":4,"column":42},"end":{"line":4,"column":59}}],"line":4}},"s":{"0":0,"1":0,"2":0,"3":0},"f":{"0":0,"1":0},"b":{"0":[0]}}
,"D:\\VTC\\Job\\react_native_test\\components\\index.js": {"path":"D:\\VTC\\Job\\react_native_test\\components\\index.js","statementMap":{},"fnMap":{},"branchMap":{},"s":{},"f":{},"b":{}}
,"D:\\VTC\\Job\\react_native_test\\components\\common\\cards\\nearby\\NearbyJobCard.jsx": {"path":"D:\\VTC\\Job\\react_native_test\\components\\common\\cards\\nearby\\NearbyJobCard.jsx","statementMap":{"0":{"start":{"line":6,"column":22},"end":{"line":12,"column":1}},"1":{"start":{"line":7,"column":2},"end":{"line":11,"column":3}}},"fnMap":{"0":{"name":"(anonymous_0)","decl":{"start":{"line":6,"column":22},"end":{"line":6,"column":23}},"loc":{"start":{"line":6,"column":28},"end":{"line":12,"column":1}},"line":6}},"branchMap":{},"s":{"0":0,"1":0},"f":{"0":0},"b":{}}
,"D:\\VTC\\Job\\react_native_test\\components\\common\\cards\\nearby\\nearbyjobcard.style.js": {"path":"D:\\VTC\\Job\\react_native_test\\components\\common\\cards\\nearby\\nearbyjobcard.style.js","statementMap":{"0":{"start":{"line":5,"column":15},"end":{"line":45,"column":2}}},"fnMap":{},"branchMap":{},"s":{"0":0},"f":{},"b":{}}
,"D:\\VTC\\Job\\react_native_test\\components\\common\\cards\\popular\\PopularJobCard.jsx": {"path":"D:\\VTC\\Job\\react_native_test\\components\\common\\cards\\popular\\PopularJobCard.jsx","statementMap":{"0":{"start":{"line":6,"column":23},"end":{"line":12,"column":1}},"1":{"start":{"line":7,"column":2},"end":{"line":11,"column":3}}},"fnMap":{"0":{"name":"(anonymous_0)","decl":{"start":{"line":6,"column":23},"end":{"line":6,"column":24}},"loc":{"start":{"line":6,"column":29},"end":{"line":12,"column":1}},"line":6}},"branchMap":{},"s":{"0":0,"1":0},"f":{"0":0},"b":{}}
,"D:\\VTC\\Job\\react_native_test\\components\\common\\cards\\popular\\popularjobcard.style.js": {"path":"D:\\VTC\\Job\\react_native_test\\components\\common\\cards\\popular\\popularjobcard.style.js","statementMap":{"0":{"start":{"line":5,"column":15},"end":{"line":57,"column":2}},"1":{"start":{"line":6,"column":37},"end":{"line":14,"column":3}},"2":{"start":{"line":15,"column":41},"end":{"line":22,"column":3}},"3":{"start":{"line":36,"column":35},"end":{"line":40,"column":3}},"4":{"start":{"line":47,"column":31},"end":{"line":51,"column":3}}},"fnMap":{"0":{"name":"(anonymous_0)","decl":{"start":{"line":6,"column":13},"end":{"line":6,"column":14}},"loc":{"start":{"line":6,"column":37},"end":{"line":14,"column":3}},"line":6},"1":{"name":"(anonymous_1)","decl":{"start":{"line":15,"column":17},"end":{"line":15,"column":18}},"loc":{"start":{"line":15,"column":41},"end":{"line":22,"column":3}},"line":15},"2":{"name":"(anonymous_2)","decl":{"start":{"line":36,"column":11},"end":{"line":36,"column":12}},"loc":{"start":{"line":36,"column":35},"end":{"line":40,"column":3}},"line":36},"3":{"name":"(anonymous_3)","decl":{"start":{"line":47,"column":13},"end":{"line":47,"column":14}},"loc":{"start":{"line":47,"column":31},"end":{"line":51,"column":3}},"line":47}},"branchMap":{"0":{"loc":{"start":{"line":9,"column":21},"end":{"line":9,"column":74}},"type":"cond-expr","locations":[{"start":{"line":9,"column":51},"end":{"line":9,"column":65}},{"start":{"line":9,"column":68},"end":{"line":9,"column":74}}],"line":9},"1":{"loc":{"start":{"line":18,"column":21},"end":{"line":18,"column":72}},"type":"cond-expr","locations":[{"start":{"line":18,"column":51},"end":{"line":18,"column":57}},{"start":{"line":18,"column":60},"end":{"line":18,"column":72}}],"line":18},"2":{"loc":{"start":{"line":39,"column":11},"end":{"line":39,"column":70}},"type":"cond-expr","locations":[{"start":{"line":39,"column":41},"end":{"line":39,"column":53}},{"start":{"line":39,"column":56},"end":{"line":39,"column":70}}],"line":39},"3":{"loc":{"start":{"line":50,"column":11},"end":{"line":50,"column":70}},"type":"cond-expr","locations":[{"start":{"line":50,"column":41},"end":{"line":50,"column":53}},{"start":{"line":50,"column":56},"end":{"line":50,"column":70}}],"line":50}},"s":{"0":0,"1":0,"2":0,"3":0,"4":0},"f":{"0":0,"1":0,"2":0,"3":0},"b":{"0":[0,0],"1":[0,0],"2":[0,0],"3":[0,0]}}
,"D:\\VTC\\Job\\react_native_test\\components\\common\\header\\ScreenHeaderBtn.jsx": {"path":"D:\\VTC\\Job\\react_native_test\\components\\common\\header\\ScreenHeaderBtn.jsx","statementMap":{"0":{"start":{"line":6,"column":24},"end":{"line":16,"column":1}},"1":{"start":{"line":7,"column":2},"end":{"line":15,"column":3}}},"fnMap":{"0":{"name":"(anonymous_0)","decl":{"start":{"line":6,"column":24},"end":{"line":6,"column":25}},"loc":{"start":{"line":6,"column":65},"end":{"line":16,"column":1}},"line":6}},"branchMap":{},"s":{"0":0,"1":0},"f":{"0":0},"b":{}}
,"D:\\VTC\\Job\\react_native_test\\components\\common\\header\\screenheader.style.js": {"path":"D:\\VTC\\Job\\react_native_test\\components\\common\\header\\screenheader.style.js","statementMap":{"0":{"start":{"line":5,"column":15},"end":{"line":19,"column":2}},"1":{"start":{"line":14,"column":26},"end":{"line":18,"column":3}}},"fnMap":{"0":{"name":"(anonymous_0)","decl":{"start":{"line":14,"column":10},"end":{"line":14,"column":11}},"loc":{"start":{"line":14,"column":26},"end":{"line":18,"column":3}},"line":14}},"branchMap":{},"s":{"0":0,"1":0},"f":{"0":0},"b":{}}
,"D:\\VTC\\Job\\react_native_test\\components\\home\\nearby\\Nearbyjobs.jsx": {"path":"D:\\VTC\\Job\\react_native_test\\components\\home\\nearby\\Nearbyjobs.jsx","statementMap":{"0":{"start":{"line":6,"column":19},"end":{"line":12,"column":1}},"1":{"start":{"line":7,"column":2},"end":{"line":11,"column":3}}},"fnMap":{"0":{"name":"(anonymous_0)","decl":{"start":{"line":6,"column":19},"end":{"line":6,"column":20}},"loc":{"start":{"line":6,"column":25},"end":{"line":12,"column":1}},"line":6}},"branchMap":{},"s":{"0":0,"1":0},"f":{"0":0},"b":{}}
,"D:\\VTC\\Job\\react_native_test\\components\\home\\nearby\\nearbyjobs.style.js": {"path":"D:\\VTC\\Job\\react_native_test\\components\\home\\nearby\\nearbyjobs.style.js","statementMap":{"0":{"start":{"line":5,"column":15},"end":{"line":29,"column":2}}},"fnMap":{},"branchMap":{},"s":{"0":0},"f":{},"b":{}}
,"D:\\VTC\\Job\\react_native_test\\components\\home\\popular\\Popularjobs.jsx": {"path":"D:\\VTC\\Job\\react_native_test\\components\\home\\popular\\Popularjobs.jsx","statementMap":{"0":{"start":{"line":9,"column":20},"end":{"line":44,"column":1}},"1":{"start":{"line":10,"column":17},"end":{"line":10,"column":28}},"2":{"start":{"line":11,"column":20},"end":{"line":11,"column":25}},"3":{"start":{"line":12,"column":16},"end":{"line":12,"column":21}},"4":{"start":{"line":14,"column":2},"end":{"line":43,"column":3}},"5":{"start":{"line":32,"column":14},"end":{"line":34,"column":16}},"6":{"start":{"line":36,"column":34},"end":{"line":36,"column":46}}},"fnMap":{"0":{"name":"(anonymous_0)","decl":{"start":{"line":9,"column":20},"end":{"line":9,"column":21}},"loc":{"start":{"line":9,"column":26},"end":{"line":44,"column":1}},"line":9},"1":{"name":"(anonymous_1)","decl":{"start":{"line":31,"column":24},"end":{"line":31,"column":25}},"loc":{"start":{"line":32,"column":14},"end":{"line":34,"column":16}},"line":32},"2":{"name":"(anonymous_2)","decl":{"start":{"line":36,"column":26},"end":{"line":36,"column":27}},"loc":{"start":{"line":36,"column":34},"end":{"line":36,"column":46}},"line":36}},"branchMap":{"0":{"loc":{"start":{"line":24,"column":9},"end":{"line":40,"column":9}},"type":"cond-expr","locations":[{"start":{"line":25,"column":10},"end":{"line":25,"column":67}},{"start":{"line":26,"column":12},"end":{"line":40,"column":9}}],"line":24},"1":{"loc":{"start":{"line":26,"column":12},"end":{"line":40,"column":9}},"type":"cond-expr","locations":[{"start":{"line":27,"column":10},"end":{"line":27,"column":43}},{"start":{"line":29,"column":10},"end":{"line":39,"column":12}}],"line":26}},"s":{"0":0,"1":0,"2":0,"3":0,"4":0,"5":0,"6":0},"f":{"0":0,"1":0,"2":0},"b":{"0":[0,0],"1":[0,0]}}
,"D:\\VTC\\Job\\react_native_test\\components\\home\\popular\\popularjobs.style.js": {"path":"D:\\VTC\\Job\\react_native_test\\components\\home\\popular\\popularjobs.style.js","statementMap":{"0":{"start":{"line":5,"column":15},"end":{"line":27,"column":2}}},"fnMap":{},"branchMap":{},"s":{"0":0},"f":{},"b":{}}
,"D:\\VTC\\Job\\react_native_test\\components\\home\\welcome\\Welcome.jsx": {"path":"D:\\VTC\\Job\\react_native_test\\components\\home\\welcome\\Welcome.jsx","statementMap":{"0":{"start":{"line":15,"column":17},"end":{"line":15,"column":57}},"1":{"start":{"line":17,"column":16},"end":{"line":68,"column":1}},"2":{"start":{"line":18,"column":17},"end":{"line":18,"column":28}},"3":{"start":{"line":19,"column":44},"end":{"line":19,"column":65}},"4":{"start":{"line":21,"column":2},"end":{"line":67,"column":3}},"5":{"start":{"line":51,"column":12},"end":{"line":59,"column":31}},"6":{"start":{"line":54,"column":16},"end":{"line":54,"column":39}},"7":{"start":{"line":55,"column":16},"end":{"line":55,"column":46}},"8":{"start":{"line":61,"column":32},"end":{"line":61,"column":36}}},"fnMap":{"0":{"name":"(anonymous_0)","decl":{"start":{"line":17,"column":16},"end":{"line":17,"column":17}},"loc":{"start":{"line":17,"column":22},"end":{"line":68,"column":1}},"line":17},"1":{"name":"(anonymous_1)","decl":{"start":{"line":33,"column":22},"end":{"line":33,"column":23}},"loc":{"start":{"line":33,"column":28},"end":{"line":33,"column":31}},"line":33},"2":{"name":"(anonymous_2)","decl":{"start":{"line":38,"column":60},"end":{"line":38,"column":61}},"loc":{"start":{"line":38,"column":66},"end":{"line":38,"column":69}},"line":38},"3":{"name":"(anonymous_3)","decl":{"start":{"line":50,"column":22},"end":{"line":50,"column":23}},"loc":{"start":{"line":51,"column":12},"end":{"line":59,"column":31}},"line":51},"4":{"name":"(anonymous_4)","decl":{"start":{"line":53,"column":23},"end":{"line":53,"column":24}},"loc":{"start":{"line":53,"column":29},"end":{"line":56,"column":15}},"line":53},"5":{"name":"(anonymous_5)","decl":{"start":{"line":61,"column":24},"end":{"line":61,"column":25}},"loc":{"start":{"line":61,"column":32},"end":{"line":61,"column":36}},"line":61}},"branchMap":{},"s":{"0":0,"1":0,"2":0,"3":0,"4":0,"5":0,"6":0,"7":0,"8":0},"f":{"0":0,"1":0,"2":0,"3":0,"4":0,"5":0},"b":{}}
,"D:\\VTC\\Job\\react_native_test\\components\\home\\welcome\\welcome.style.js": {"path":"D:\\VTC\\Job\\react_native_test\\components\\home\\welcome\\welcome.style.js","statementMap":{"0":{"start":{"line":5,"column":15},"end":{"line":70,"column":2}},"1":{"start":{"line":59,"column":33},"end":{"line":65,"column":3}},"2":{"start":{"line":66,"column":37},"end":{"line":69,"column":3}}},"fnMap":{"0":{"name":"(anonymous_0)","decl":{"start":{"line":59,"column":7},"end":{"line":59,"column":8}},"loc":{"start":{"line":59,"column":33},"end":{"line":65,"column":3}},"line":59},"1":{"name":"(anonymous_1)","decl":{"start":{"line":66,"column":11},"end":{"line":66,"column":12}},"loc":{"start":{"line":66,"column":37},"end":{"line":69,"column":3}},"line":66}},"branchMap":{"0":{"loc":{"start":{"line":64,"column":17},"end":{"line":64,"column":73}},"type":"cond-expr","locations":[{"start":{"line":64,"column":42},"end":{"line":64,"column":58}},{"start":{"line":64,"column":61},"end":{"line":64,"column":73}}],"line":64},"1":{"loc":{"start":{"line":68,"column":11},"end":{"line":68,"column":67}},"type":"cond-expr","locations":[{"start":{"line":68,"column":36},"end":{"line":68,"column":52}},{"start":{"line":68,"column":55},"end":{"line":68,"column":67}}],"line":68}},"s":{"0":0,"1":0,"2":0},"f":{"0":0,"1":0},"b":{"0":[0,0],"1":[0,0]}}
,"D:\\VTC\\Job\\react_native_test\\components\\jobdetails\\about\\About.jsx": {"path":"D:\\VTC\\Job\\react_native_test\\components\\jobdetails\\about\\About.jsx","statementMap":{"0":{"start":{"line":6,"column":14},"end":{"line":12,"column":1}},"1":{"start":{"line":7,"column":2},"end":{"line":11,"column":3}}},"fnMap":{"0":{"name":"(anonymous_0)","decl":{"start":{"line":6,"column":14},"end":{"line":6,"column":15}},"loc":{"start":{"line":6,"column":20},"end":{"line":12,"column":1}},"line":6}},"branchMap":{},"s":{"0":0,"1":0},"f":{"0":0},"b":{}}
,"D:\\VTC\\Job\\react_native_test\\components\\jobdetails\\about\\about.style.js": {"path":"D:\\VTC\\Job\\react_native_test\\components\\jobdetails\\about\\about.style.js","statementMap":{"0":{"start":{"line":5,"column":15},"end":{"line":26,"column":2}}},"fnMap":{},"branchMap":{},"s":{"0":0},"f":{},"b":{}}
,"D:\\VTC\\Job\\react_native_test\\components\\jobdetails\\company\\Company.jsx": {"path":"D:\\VTC\\Job\\react_native_test\\components\\jobdetails\\company\\Company.jsx","statementMap":{"0":{"start":{"line":6,"column":16},"end":{"line":12,"column":1}},"1":{"start":{"line":7,"column":2},"end":{"line":11,"column":3}}},"fnMap":{"0":{"name":"(anonymous_0)","decl":{"start":{"line":6,"column":16},"end":{"line":6,"column":17}},"loc":{"start":{"line":6,"column":22},"end":{"line":12,"column":1}},"line":6}},"branchMap":{},"s":{"0":0,"1":0},"f":{"0":0},"b":{}}
,"D:\\VTC\\Job\\react_native_test\\components\\jobdetails\\company\\company.style.js": {"path":"D:\\VTC\\Job\\react_native_test\\components\\jobdetails\\company\\company.style.js","statementMap":{"0":{"start":{"line":5,"column":15},"end":{"line":59,"column":2}}},"fnMap":{},"branchMap":{},"s":{"0":0},"f":{},"b":{}}
,"D:\\VTC\\Job\\react_native_test\\components\\jobdetails\\footer\\Footer.jsx": {"path":"D:\\VTC\\Job\\react_native_test\\components\\jobdetails\\footer\\Footer.jsx","statementMap":{"0":{"start":{"line":6,"column":15},"end":{"line":12,"column":1}},"1":{"start":{"line":7,"column":2},"end":{"line":11,"column":3}}},"fnMap":{"0":{"name":"(anonymous_0)","decl":{"start":{"line":6,"column":15},"end":{"line":6,"column":16}},"loc":{"start":{"line":6,"column":21},"end":{"line":12,"column":1}},"line":6}},"branchMap":{},"s":{"0":0,"1":0},"f":{"0":0},"b":{}}
,"D:\\VTC\\Job\\react_native_test\\components\\jobdetails\\footer\\footer.style.js": {"path":"D:\\VTC\\Job\\react_native_test\\components\\jobdetails\\footer\\footer.style.js","statementMap":{"0":{"start":{"line":5,"column":15},"end":{"line":45,"column":2}}},"fnMap":{},"branchMap":{},"s":{"0":0},"f":{},"b":{}}
,"D:\\VTC\\Job\\react_native_test\\components\\jobdetails\\specifics\\Specifics.jsx": {"path":"D:\\VTC\\Job\\react_native_test\\components\\jobdetails\\specifics\\Specifics.jsx","statementMap":{"0":{"start":{"line":6,"column":18},"end":{"line":12,"column":1}},"1":{"start":{"line":7,"column":2},"end":{"line":11,"column":3}}},"fnMap":{"0":{"name":"(anonymous_0)","decl":{"start":{"line":6,"column":18},"end":{"line":6,"column":19}},"loc":{"start":{"line":6,"column":24},"end":{"line":12,"column":1}},"line":6}},"branchMap":{},"s":{"0":0,"1":0},"f":{"0":0},"b":{}}
,"D:\\VTC\\Job\\react_native_test\\components\\jobdetails\\specifics\\specifics.style.js": {"path":"D:\\VTC\\Job\\react_native_test\\components\\jobdetails\\specifics\\specifics.style.js","statementMap":{"0":{"start":{"line":5,"column":15},"end":{"line":39,"column":2}}},"fnMap":{},"branchMap":{},"s":{"0":0},"f":{},"b":{}}
,"D:\\VTC\\Job\\react_native_test\\components\\jobdetails\\tabs\\Tabs.jsx": {"path":"D:\\VTC\\Job\\react_native_test\\components\\jobdetails\\tabs\\Tabs.jsx","statementMap":{"0":{"start":{"line":6,"column":13},"end":{"line":12,"column":1}},"1":{"start":{"line":7,"column":2},"end":{"line":11,"column":3}}},"fnMap":{"0":{"name":"(anonymous_0)","decl":{"start":{"line":6,"column":13},"end":{"line":6,"column":14}},"loc":{"start":{"line":6,"column":19},"end":{"line":12,"column":1}},"line":6}},"branchMap":{},"s":{"0":0,"1":0},"f":{"0":0},"b":{}}
,"D:\\VTC\\Job\\react_native_test\\components\\jobdetails\\tabs\\tabs.style.js": {"path":"D:\\VTC\\Job\\react_native_test\\components\\jobdetails\\tabs\\tabs.style.js","statementMap":{"0":{"start":{"line":5,"column":15},"end":{"line":24,"column":2}},"1":{"start":{"line":10,"column":29},"end":{"line":18,"column":3}},"2":{"start":{"line":19,"column":33},"end":{"line":23,"column":3}}},"fnMap":{"0":{"name":"(anonymous_0)","decl":{"start":{"line":10,"column":7},"end":{"line":10,"column":8}},"loc":{"start":{"line":10,"column":29},"end":{"line":18,"column":3}},"line":10},"1":{"name":"(anonymous_1)","decl":{"start":{"line":19,"column":11},"end":{"line":19,"column":12}},"loc":{"start":{"line":19,"column":33},"end":{"line":23,"column":3}},"line":19}},"branchMap":{"0":{"loc":{"start":{"line":13,"column":21},"end":{"line":13,"column":68}},"type":"cond-expr","locations":[{"start":{"line":13,"column":42},"end":{"line":13,"column":56}},{"start":{"line":13,"column":59},"end":{"line":13,"column":68}}],"line":13},"1":{"loc":{"start":{"line":22,"column":11},"end":{"line":22,"column":53}},"type":"cond-expr","locations":[{"start":{"line":22,"column":32},"end":{"line":22,"column":41}},{"start":{"line":22,"column":44},"end":{"line":22,"column":53}}],"line":22}},"s":{"0":0,"1":0,"2":0},"f":{"0":0,"1":0},"b":{"0":[0,0],"1":[0,0]}}
,"D:\\VTC\\Job\\react_native_test\\constants\\icons.js": {"path":"D:\\VTC\\Job\\react_native_test\\constants\\icons.js","statementMap":{},"fnMap":{},"branchMap":{},"s":{},"f":{},"b":{}}
,"D:\\VTC\\Job\\react_native_test\\constants\\images.js": {"path":"D:\\VTC\\Job\\react_native_test\\constants\\images.js","statementMap":{},"fnMap":{},"branchMap":{},"s":{},"f":{},"b":{}}
,"D:\\VTC\\Job\\react_native_test\\constants\\index.js": {"path":"D:\\VTC\\Job\\react_native_test\\constants\\index.js","statementMap":{},"fnMap":{},"branchMap":{},"s":{},"f":{},"b":{}}
,"D:\\VTC\\Job\\react_native_test\\constants\\theme.js": {"path":"D:\\VTC\\Job\\react_native_test\\constants\\theme.js","statementMap":{"0":{"start":{"line":1,"column":15},"end":{"line":11,"column":1}},"1":{"start":{"line":13,"column":13},"end":{"line":17,"column":1}},"2":{"start":{"line":19,"column":14},"end":{"line":26,"column":1}},"3":{"start":{"line":28,"column":16},"end":{"line":49,"column":1}}},"fnMap":{},"branchMap":{},"s":{"0":0,"1":0,"2":0,"3":0},"f":{},"b":{}}
,"D:\\VTC\\Job\\react_native_test\\styles\\search.js": {"path":"D:\\VTC\\Job\\react_native_test\\styles\\search.js","statementMap":{"0":{"start":{"line":5,"column":15},"end":{"line":56,"column":2}}},"fnMap":{},"branchMap":{},"s":{"0":0},"f":{},"b":{}}
}
